#-----------------------------------------------------------
# Vivado v2022.2 (64-bit)
# SW Build 3671981 on Fri Oct 14 05:00:03 MDT 2022
# IP Build 3669848 on Fri Oct 14 08:30:02 MDT 2022
# Start of session at: Thu Oct  9 15:04:07 2025
# Process ID: 16980
# Current directory: C:/Users/maoxi/Desktop/CUHKProject/Ultrasonic/Kintex7/Code/V7_204b_2
# Command line: vivado.exe -gui_launcher_event rodinguilauncherevent9800 C:\Users\maoxi\Desktop\CUHKProject\Ultrasonic\Kintex7\Code\V7_204b_2\V7_204b.xpr
# Log file: C:/Users/maoxi/Desktop/CUHKProject/Ultrasonic/Kintex7/Code/V7_204b_2/vivado.log
# Journal file: C:/Users/maoxi/Desktop/CUHKProject/Ultrasonic/Kintex7/Code/V7_204b_2\vivado.jou
# Running On: LAPTOP-QE70SMI5, OS: Windows, CPU Frequency: 3194 MHz, CPU Physical cores: 16, Host memory: 17024 MB
#-----------------------------------------------------------
start_gui
open_project C:/Users/maoxi/Desktop/CUHKProject/Ultrasonic/Kintex7/Code/V7_204b_2/V7_204b.xpr
WARNING: [Board 49-26] cannot add Board Part xilinx.com:kcu105:part0:1.6 available at C:/Xilinx/Vivado/2022.2/data/xhub/boards/XilinxBoardStore/boards/Xilinx/kcu105/1.6/board.xml as part xcku040-ffva1156-2-e specified in board_part file is either invalid or not available
WARNING: [Board 49-26] cannot add Board Part xilinx.com:kcu105:part0:1.7 available at C:/Xilinx/Vivado/2022.2/data/xhub/boards/XilinxBoardStore/boards/Xilinx/kcu105/1.7/board.xml as part xcku040-ffva1156-2-e specified in board_part file is either invalid or not available
WARNING: [Board 49-26] cannot add Board Part xilinx.com:kcu116:part0:1.4 available at C:/Xilinx/Vivado/2022.2/data/xhub/boards/XilinxBoardStore/boards/Xilinx/kcu116/1.4/board.xml as part xcku5p-ffvb676-2-e specified in board_part file is either invalid or not available
WARNING: [Board 49-26] cannot add Board Part xilinx.com:kcu116:part0:1.5 available at C:/Xilinx/Vivado/2022.2/data/xhub/boards/XilinxBoardStore/boards/Xilinx/kcu116/1.5/board.xml as part xcku5p-ffvb676-2-e specified in board_part file is either invalid or not available
WARNING: [Board 49-26] cannot add Board Part xilinx.com:vcu108:part0:1.6 available at C:/Xilinx/Vivado/2022.2/data/xhub/boards/XilinxBoardStore/boards/Xilinx/vcu108/1.6/board.xml as part xcvu095-ffva2104-2-e specified in board_part file is either invalid or not available
WARNING: [Board 49-26] cannot add Board Part xilinx.com:vcu108:part0:1.7 available at C:/Xilinx/Vivado/2022.2/data/xhub/boards/XilinxBoardStore/boards/Xilinx/vcu108/1.7/board.xml as part xcvu095-ffva2104-2-e specified in board_part file is either invalid or not available
WARNING: [Board 49-26] cannot add Board Part xilinx.com:vcu110:part0:1.4 available at C:/Xilinx/Vivado/2022.2/data/xhub/boards/XilinxBoardStore/boards/Xilinx/vcu110/1.4/board.xml as part xcvu190-flgc2104-2-e specified in board_part file is either invalid or not available
WARNING: [Board 49-26] cannot add Board Part xilinx.com:vcu128:part0:1.0 available at C:/Xilinx/Vivado/2022.2/data/xhub/boards/XilinxBoardStore/boards/Xilinx/vcu128/production/1.0/board.xml as part xcvu37p-fsvh2892-2l-e specified in board_part file is either invalid or not available
WARNING: [Board 49-26] cannot add Board Part xilinx.com:vcu129:part0:1.0 available at C:/Xilinx/Vivado/2022.2/data/xhub/boards/XilinxBoardStore/boards/Xilinx/vcu129/production/1.0/board.xml as part xcvu29p-fsga2577-2l-e specified in board_part file is either invalid or not available
WARNING: [Board 49-26] cannot add Board Part xilinx.com:vek280_es:part0:1.0 available at C:/Xilinx/Vivado/2022.2/data/xhub/boards/XilinxBoardStore/boards/Xilinx/vek280/es/1.0/board.xml as part xcve2802-vsvh1760-2lp-e-s-es1 specified in board_part file is either invalid or not available
WARNING: [Board 49-26] cannot add Board Part xilinx.com:vermeo_t1_mpsoc:part0:1.0 available at C:/Xilinx/Vivado/2022.2/data/xhub/boards/XilinxBoardStore/boards/Xilinx/vermeo_t1_mpsoc/1.0/board.xml as part xczu19eg-ffvd1760-2l-e specified in board_part file is either invalid or not available
WARNING: [Board 49-26] cannot add Board Part xilinx.com:vermeo_t1_rfsoc:part0:1.0 available at C:/Xilinx/Vivado/2022.2/data/xhub/boards/XilinxBoardStore/boards/Xilinx/vermeo_t1_rfsoc/1.0/board.xml as part xczu21dr-ffvd1156-2l-e specified in board_part file is either invalid or not available
WARNING: [Board 49-26] cannot add Board Part xilinx.com:vhk158_es:part0:1.0 available at C:/Xilinx/Vivado/2022.2/data/xhub/boards/XilinxBoardStore/boards/Xilinx/vhk158/es/1.0/board.xml as part xcvh1582-vsva3697-2mp-e-s-es1 specified in board_part file is either invalid or not available
WARNING: [Board 49-26] cannot add Board Part xilinx.com:vmk180:part0:2.2 available at C:/Xilinx/Vivado/2022.2/data/xhub/boards/XilinxBoardStore/boards/Xilinx/vmk180/production/2.2/board.xml as part xcvm1802-vsva2197-2mp-e-s specified in board_part file is either invalid or not available
WARNING: [Board 49-26] cannot add Board Part xilinx.com:vmk180:part0:3.0 available at C:/Xilinx/Vivado/2022.2/data/xhub/boards/XilinxBoardStore/boards/Xilinx/vmk180/production/3.0/board.xml as part xcvm1802-vsva2197-2mp-e-s specified in board_part file is either invalid or not available
WARNING: [Board 49-26] cannot add Board Part xilinx.com:vmk180:part0:3.1 available at C:/Xilinx/Vivado/2022.2/data/xhub/boards/XilinxBoardStore/boards/Xilinx/vmk180/production/3.1/board.xml as part xcvm1802-vsva2197-2mp-e-s specified in board_part file is either invalid or not available
WARNING: [Board 49-26] cannot add Board Part xilinx.com:vmk180_newl:part0:1.0 available at C:/Xilinx/Vivado/2022.2/data/xhub/boards/XilinxBoardStore/boards/Xilinx/vmk180_newl/production/1.0/board.xml as part xcvm1802-vsva2197-2mp-e-s specified in board_part file is either invalid or not available
WARNING: [Board 49-26] cannot add Board Part xilinx.com:vpk120:part0:1.0 available at C:/Xilinx/Vivado/2022.2/data/xhub/boards/XilinxBoardStore/boards/Xilinx/vpk120/production/1.0/board.xml as part xcvp1202-vsva2785-2mp-e-s specified in board_part file is either invalid or not available
WARNING: [Board 49-26] cannot add Board Part xilinx.com:vpk120_es:part0:1.2 available at C:/Xilinx/Vivado/2022.2/data/xhub/boards/XilinxBoardStore/boards/Xilinx/vpk120/es/1.2/board.xml as part xcvp1202-vsva2785-2mp-e-s-es1 specified in board_part file is either invalid or not available
WARNING: [Board 49-26] cannot add Board Part xilinx.com:vpk120_es_revb:part0:1.0 available at C:/Xilinx/Vivado/2022.2/data/xhub/boards/XilinxBoardStore/boards/Xilinx/vpk120_revb/es/1.0/board.xml as part xcvp1202-vsva2785-2mp-e-s-es1 specified in board_part file is either invalid or not available
WARNING: [Board 49-26] cannot add Board Part xilinx.com:vpk180_es:part0:1.0 available at C:/Xilinx/Vivado/2022.2/data/xhub/boards/XilinxBoardStore/boards/Xilinx/vpk180/es/1.0/board.xml as part xcvp1802-lsvc4072-2mp-e-s-es1 specified in board_part file is either invalid or not available
WARNING: [Board 49-26] cannot add Board Part xilinx.com:zcu111:part0:1.2 available at C:/Xilinx/Vivado/2022.2/data/xhub/boards/XilinxBoardStore/boards/Xilinx/zcu111/1.2/board.xml as part xczu28dr-ffvg1517-2-e specified in board_part file is either invalid or not available
WARNING: [Board 49-26] cannot add Board Part xilinx.com:zcu111:part0:1.3 available at C:/Xilinx/Vivado/2022.2/data/xhub/boards/XilinxBoardStore/boards/Xilinx/zcu111/1.3/board.xml as part xczu28dr-ffvg1517-2-e specified in board_part file is either invalid or not available
WARNING: [Board 49-26] cannot add Board Part xilinx.com:zcu111:part0:1.4 available at C:/Xilinx/Vivado/2022.2/data/xhub/boards/XilinxBoardStore/boards/Xilinx/zcu111/1.4/board.xml as part xczu28dr-ffvg1517-2-e specified in board_part file is either invalid or not available
WARNING: [Board 49-26] cannot add Board Part xilinx.com:zcu1275:part0:1.0 available at C:/Xilinx/Vivado/2022.2/data/xhub/boards/XilinxBoardStore/boards/Xilinx/zcu1275/1.0/board.xml as part xczu29dr-ffvf1760-2-e specified in board_part file is either invalid or not available
WARNING: [Board 49-26] cannot add Board Part xilinx.com:zcu1285:part0:1.0 available at C:/Xilinx/Vivado/2022.2/data/xhub/boards/XilinxBoardStore/boards/Xilinx/zcu1285/1.0/board.xml as part xczu39dr-ffvf1760-2-i specified in board_part file is either invalid or not available
WARNING: [Board 49-26] cannot add Board Part xilinx.com:zcu208:part0:2.0 available at C:/Xilinx/Vivado/2022.2/data/xhub/boards/XilinxBoardStore/boards/Xilinx/zcu208/production/2.0/board.xml as part xczu48dr-fsvg1517-2-e specified in board_part file is either invalid or not available
WARNING: [Board 49-26] cannot add Board Part xilinx.com:zcu208ld:part0:2.0 available at C:/Xilinx/Vivado/2022.2/data/xhub/boards/XilinxBoardStore/boards/Xilinx/zcu208ld/production/2.0/board.xml as part xczu58dr-fsvg1517-2-i specified in board_part file is either invalid or not available
WARNING: [Board 49-26] cannot add Board Part xilinx.com:zcu216:part0:2.0 available at C:/Xilinx/Vivado/2022.2/data/xhub/boards/XilinxBoardStore/boards/Xilinx/zcu216/production/2.0/board.xml as part xczu49dr-ffvf1760-2-e specified in board_part file is either invalid or not available
WARNING: [Board 49-26] cannot add Board Part xilinx.com:zcu216ld:part0:2.0 available at C:/Xilinx/Vivado/2022.2/data/xhub/boards/XilinxBoardStore/boards/Xilinx/zcu216ld/production/2.0/board.xml as part xczu59dr-ffvf1760-2-i specified in board_part file is either invalid or not available
WARNING: [Board 49-26] cannot add Board Part xilinx.com:zcu670:part0:2.0 available at C:/Xilinx/Vivado/2022.2/data/xhub/boards/XilinxBoardStore/boards/Xilinx/zcu670/2.0/board.xml as part xczu67dr-fsve1156-2-i specified in board_part file is either invalid or not available
WARNING: [Board 49-26] cannot add Board Part xilinx.com:zcu670ld:part0:1.0 available at C:/Xilinx/Vivado/2022.2/data/xhub/boards/XilinxBoardStore/boards/Xilinx/zcu670ld/1.0/board.xml as part xczu57dr-fsve1156-2-i specified in board_part file is either invalid or not available
Scanning sources...
Finished scanning sources
INFO: [IP_Flow 19-234] Refreshing IP repositories
INFO: [IP_Flow 19-1700] Loaded user IP repository 'c:/Users/maoxi/Desktop/CUHKProject/Ultrasonic/Kintex7/Code/V7_204b_2/V7_204b.srcs/sources_1/ip_rtl/RTL8211_Config_IP'.
INFO: [IP_Flow 19-2313] Loaded Vivado IP repository 'C:/Xilinx/Vivado/2022.2/data/ip'.
open_project: Time (s): cpu = 00:00:20 ; elapsed = 00:00:10 . Memory (MB): peak = 1734.887 ; gain = 297.309
update_compile_order -fileset sources_1
WARNING: [IP_Flow 19-4067] Ignoring invalid widget type specified checkbox.Providing a default widget
create_ip -name ila -vendor xilinx.com -library ip -version 6.2 -module_name ila_udp
set_property -dict [list \
  CONFIG.C_DATA_DEPTH {4096} \
  CONFIG.C_NUM_OF_PROBES {6} \
  CONFIG.Component_Name {ila_udp} \
] [get_ips ila_udp]
WARNING: [Vivado 12-3523] Attempt to change 'Component_Name' from 'ila_udp' to 'ila_udp' is not allowed and is ignored.
generate_target {instantiation_template} [get_files c:/Users/maoxi/Desktop/CUHKProject/Ultrasonic/Kintex7/Code/V7_204b_2/V7_204b.srcs/sources_1/ip/ila_udp/ila_udp.xci]
INFO: [IP_Flow 19-1686] Generating 'Instantiation Template' target for IP 'ila_udp'...
update_compile_order -fileset sources_1
generate_target all [get_files  c:/Users/maoxi/Desktop/CUHKProject/Ultrasonic/Kintex7/Code/V7_204b_2/V7_204b.srcs/sources_1/ip/ila_udp/ila_udp.xci]
INFO: [IP_Flow 19-1686] Generating 'Synthesis' target for IP 'ila_udp'...
WARNING: [IP_Flow 19-4994] Overwriting existing constraint file 'c:/Users/maoxi/Desktop/CUHKProject/Ultrasonic/Kintex7/Code/V7_204b_2/V7_204b.gen/sources_1/ip/ila_udp/ila_udp_ooc.xdc'
INFO: [IP_Flow 19-1686] Generating 'Simulation' target for IP 'ila_udp'...
INFO: [IP_Flow 19-1686] Generating 'Implementation' target for IP 'ila_udp'...
INFO: [IP_Flow 19-1686] Generating 'Change Log' target for IP 'ila_udp'...
catch { config_ip_cache -export [get_ips -all ila_udp] }
INFO: [IP_Flow 19-6924] IPCACHE: Running cache check for IP inst: ila_udp
export_ip_user_files -of_objects [get_files c:/Users/maoxi/Desktop/CUHKProject/Ultrasonic/Kintex7/Code/V7_204b_2/V7_204b.srcs/sources_1/ip/ila_udp/ila_udp.xci] -no_script -sync -force -quiet
create_ip_run [get_files -of_objects [get_fileset sources_1] c:/Users/maoxi/Desktop/CUHKProject/Ultrasonic/Kintex7/Code/V7_204b_2/V7_204b.srcs/sources_1/ip/ila_udp/ila_udp.xci]
launch_runs ila_udp_synth_1 -jobs 16
INFO: [IP_Flow 19-6924] IPCACHE: Running cache check for IP inst: ila_udp
[Thu Oct  9 15:10:54 2025] Launched ila_udp_synth_1...
Run output will be captured here: C:/Users/maoxi/Desktop/CUHKProject/Ultrasonic/Kintex7/Code/V7_204b_2/V7_204b.runs/ila_udp_synth_1/runme.log
export_simulation -of_objects [get_files c:/Users/maoxi/Desktop/CUHKProject/Ultrasonic/Kintex7/Code/V7_204b_2/V7_204b.srcs/sources_1/ip/ila_udp/ila_udp.xci] -directory C:/Users/maoxi/Desktop/CUHKProject/Ultrasonic/Kintex7/Code/V7_204b_2/V7_204b.ip_user_files/sim_scripts -ip_user_files_dir C:/Users/maoxi/Desktop/CUHKProject/Ultrasonic/Kintex7/Code/V7_204b_2/V7_204b.ip_user_files -ipstatic_source_dir C:/Users/maoxi/Desktop/CUHKProject/Ultrasonic/Kintex7/Code/V7_204b_2/V7_204b.ip_user_files/ipstatic -lib_map_path [list {modelsim=C:/Users/maoxi/Desktop/CUHKProject/Ultrasonic/Kintex7/Code/V7_204b_2/V7_204b.cache/compile_simlib/modelsim} {questa=C:/Users/maoxi/Desktop/CUHKProject/Ultrasonic/Kintex7/Code/V7_204b_2/V7_204b.cache/compile_simlib/questa} {riviera=C:/Users/maoxi/Desktop/CUHKProject/Ultrasonic/Kintex7/Code/V7_204b_2/V7_204b.cache/compile_simlib/riviera} {activehdl=C:/Users/maoxi/Desktop/CUHKProject/Ultrasonic/Kintex7/Code/V7_204b_2/V7_204b.cache/compile_simlib/activehdl}] -use_ip_compiled_libs -force -quiet
WARNING: [IP_Flow 19-4067] Ignoring invalid widget type specified checkbox.Providing a default widget
WARNING: [IP_Flow 19-4067] Ignoring invalid widget type specified checkbox.Providing a default widget
set_property CONFIG.C_PROBE0_WIDTH {15} [get_ips ila_udp]
generate_target all [get_files  c:/Users/maoxi/Desktop/CUHKProject/Ultrasonic/Kintex7/Code/V7_204b_2/V7_204b.srcs/sources_1/ip/ila_udp/ila_udp.xci]
INFO: [IP_Flow 19-1686] Generating 'Instantiation Template' target for IP 'ila_udp'...
INFO: [IP_Flow 19-1686] Generating 'Synthesis' target for IP 'ila_udp'...
WARNING: [IP_Flow 19-4994] Overwriting existing constraint file 'c:/Users/maoxi/Desktop/CUHKProject/Ultrasonic/Kintex7/Code/V7_204b_2/V7_204b.gen/sources_1/ip/ila_udp/ila_udp_ooc.xdc'
INFO: [IP_Flow 19-1686] Generating 'Simulation' target for IP 'ila_udp'...
INFO: [IP_Flow 19-1686] Generating 'Implementation' target for IP 'ila_udp'...
INFO: [IP_Flow 19-1686] Generating 'Change Log' target for IP 'ila_udp'...
catch { config_ip_cache -export [get_ips -all ila_udp] }
INFO: [IP_Flow 19-6924] IPCACHE: Running cache check for IP inst: ila_udp
export_ip_user_files -of_objects [get_files c:/Users/maoxi/Desktop/CUHKProject/Ultrasonic/Kintex7/Code/V7_204b_2/V7_204b.srcs/sources_1/ip/ila_udp/ila_udp.xci] -no_script -sync -force -quiet
reset_run ila_udp_synth_1
launch_runs ila_udp_synth_1 -jobs 16
INFO: [IP_Flow 19-6924] IPCACHE: Running cache check for IP inst: ila_udp
[Thu Oct  9 15:14:27 2025] Launched ila_udp_synth_1...
Run output will be captured here: C:/Users/maoxi/Desktop/CUHKProject/Ultrasonic/Kintex7/Code/V7_204b_2/V7_204b.runs/ila_udp_synth_1/runme.log
export_simulation -of_objects [get_files c:/Users/maoxi/Desktop/CUHKProject/Ultrasonic/Kintex7/Code/V7_204b_2/V7_204b.srcs/sources_1/ip/ila_udp/ila_udp.xci] -directory C:/Users/maoxi/Desktop/CUHKProject/Ultrasonic/Kintex7/Code/V7_204b_2/V7_204b.ip_user_files/sim_scripts -ip_user_files_dir C:/Users/maoxi/Desktop/CUHKProject/Ultrasonic/Kintex7/Code/V7_204b_2/V7_204b.ip_user_files -ipstatic_source_dir C:/Users/maoxi/Desktop/CUHKProject/Ultrasonic/Kintex7/Code/V7_204b_2/V7_204b.ip_user_files/ipstatic -lib_map_path [list {modelsim=C:/Users/maoxi/Desktop/CUHKProject/Ultrasonic/Kintex7/Code/V7_204b_2/V7_204b.cache/compile_simlib/modelsim} {questa=C:/Users/maoxi/Desktop/CUHKProject/Ultrasonic/Kintex7/Code/V7_204b_2/V7_204b.cache/compile_simlib/questa} {riviera=C:/Users/maoxi/Desktop/CUHKProject/Ultrasonic/Kintex7/Code/V7_204b_2/V7_204b.cache/compile_simlib/riviera} {activehdl=C:/Users/maoxi/Desktop/CUHKProject/Ultrasonic/Kintex7/Code/V7_204b_2/V7_204b.cache/compile_simlib/activehdl}] -use_ip_compiled_libs -force -quiet
WARNING: [IP_Flow 19-4067] Ignoring invalid widget type specified checkbox.Providing a default widget
