Copyright 1986-2022 Xilinx, Inc. All Rights Reserved.
---------------------------------------------------------------------------------------------
| Tool Version : Vivado v.2022.2 (win64) Build 3671981 Fri Oct 14 05:00:03 MDT 2022
| Date         : Mon Oct 20 19:00:09 2025
| Host         : LAPTOP-QE70SMI5 running 64-bit major release  (build 9200)
| Command      : report_clock_utilization -file JESD204_UDP_TOP_clock_utilization_routed.rpt
| Design       : JESD204_UDP_TOP
| Device       : 7k325t-ffg900
| Speed File   : -2  PRODUCTION 1.12 2017-02-17
| Design State : Routed
---------------------------------------------------------------------------------------------

Clock Utilization Report

Table of Contents
-----------------
1. Clock Primitive Utilization
2. Global Clock Resources
3. Global Clock Source Details
4. Clock Regions: Key Resource Utilization
5. Clock Regions : Global Clock Summary
6. Device Cell Placement Summary for Global Clock g0
7. Device Cell Placement Summary for Global Clock g1
8. Device Cell Placement Summary for Global Clock g2
9. Device Cell Placement Summary for Global Clock g3
10. Device Cell Placement Summary for Global Clock g4
11. Device Cell Placement Summary for Global Clock g5
12. Device Cell Placement Summary for Global Clock g6
13. Device Cell Placement Summary for Global Clock g7
14. Device Cell Placement Summary for Global Clock g8
15. Device Cell Placement Summary for Global Clock g9
16. Clock Region Cell Placement per Global Clock: Region X1Y1
17. Clock Region Cell Placement per Global Clock: Region X0Y2
18. Clock Region Cell Placement per Global Clock: Region X1Y2
19. Clock Region Cell Placement per Global Clock: Region X0Y3
20. Clock Region Cell Placement per Global Clock: Region X1Y3
21. Clock Region Cell Placement per Global Clock: Region X0Y4
22. Clock Region Cell Placement per Global Clock: Region X1Y4
23. Clock Region Cell Placement per Global Clock: Region X0Y5
24. Clock Region Cell Placement per Global Clock: Region X1Y5
25. Clock Region Cell Placement per Global Clock: Region X1Y6

1. Clock Primitive Utilization
------------------------------

+----------+------+-----------+-----+--------------+--------+
| Type     | Used | Available | LOC | Clock Region | Pblock |
+----------+------+-----------+-----+--------------+--------+
| BUFGCTRL |    9 |        32 |   0 |            0 |      0 |
| BUFH     |    1 |       168 |   0 |            0 |      0 |
| BUFIO    |    0 |        40 |   0 |            0 |      0 |
| BUFMR    |    0 |        20 |   0 |            0 |      0 |
| BUFR     |    0 |        40 |   0 |            0 |      0 |
| MMCM     |    1 |        10 |   0 |            0 |      0 |
| PLL      |    0 |        10 |   0 |            0 |      0 |
+----------+------+-----------+-----+--------------+--------+


2. Global Clock Resources
-------------------------

+-----------+-----------+-----------------+------------+---------------+--------------+-------------------+-------------+-----------------+--------------+--------------------+--------------------------------------------------------------------------------------------------------------------------------------------------------------------------------------+----------------------------------------------------------------------------------------------------------------------------------------------------------------------------------------+
| Global Id | Source Id | Driver Type/Pin | Constraint | Site          | Clock Region | Load Clock Region | Clock Loads | Non-Clock Loads | Clock Period | Clock              | Driver Pin                                                                                                                                                                           | Net                                                                                                                                                                                    |
+-----------+-----------+-----------------+------------+---------------+--------------+-------------------+-------------+-----------------+--------------+--------------------+--------------------------------------------------------------------------------------------------------------------------------------------------------------------------------------+----------------------------------------------------------------------------------------------------------------------------------------------------------------------------------------+
| g0        | src0      | BUFG/O          | None       | BUFGCTRL_X0Y0 | n/a          |                 3 |        4347 |               0 |        8.333 | clk_120_clk_wiz_0  | u_clk_wiz/inst/clkout1_buf/O                                                                                                                                                         | u_clk_wiz/inst/clk_120                                                                                                                                                                 |
| g1        | src1      | BUFG/O          | None       | BUFGCTRL_X0Y1 | n/a          |                 2 |         873 |               0 |       10.000 | clk_100_clk_wiz_0  | u_clk_wiz/inst/clkout2_buf/O                                                                                                                                                         | u_clk_wiz/inst/clk_100                                                                                                                                                                 |
| g2        | src2      | BUFG/O          | None       | BUFGCTRL_X0Y2 | n/a          |                 7 |         822 |               1 |        8.000 | eth_rxc            | net_udp_loop_inst1/u_gmii_to_rgmii/u_rgmii_rx/BUFG_inst/O                                                                                                                            | net_udp_loop_inst1/u_gmii_to_rgmii/u_rgmii_rx/gmii_rx_clk                                                                                                                              |
| g3        | src2      | BUFG/O          | None       | BUFGCTRL_X0Y5 | n/a          |                 2 |         152 |               0 |        8.000 | eth_rxc            | net_rxc_IBUF_BUFG_inst/O                                                                                                                                                             | net_rxc_IBUF_BUFG                                                                                                                                                                      |
| g4        | src3      | BUFG/O          | None       | BUFGCTRL_X0Y4 | n/a          |                 3 |         225 |               0 |              |                    | FSM_onehot_r_State_reg[2]_i_2/O                                                                                                                                                      | w_Divided_Clk                                                                                                                                                                          |
| g5        | src4      | BUFG/O          | None       | BUFGCTRL_X0Y6 | n/a          |                 2 |         116 |               0 |              |                    | net_udp_loop_inst1/inst_RTL8211_Config_IP_0/eth_mdc_reg_i_2/O                                                                                                                        | net_udp_loop_inst1/inst_RTL8211_Config_IP_0/dri_clk                                                                                                                                    |
| g6        | src5      | BUFG/O          | None       | BUFGCTRL_X0Y3 | n/a          |                 5 |          75 |               0 |        5.000 | clk_200_clk_wiz_0  | u_clk_wiz/inst/clkout3_buf/O                                                                                                                                                         | u_clk_wiz/inst/clk_200                                                                                                                                                                 |
| g7        | src6      | BUFG/O          | None       | BUFGCTRL_X0Y7 | n/a          |                 1 |          20 |               0 |       20.000 | clk_50_clk_wiz_0   | u_clk_wiz/inst/clkout4_buf/O                                                                                                                                                         | u_clk_wiz/inst/clk_50                                                                                                                                                                  |
| g8        | src7      | BUFH/O          | None       | BUFHCE_X0Y60  | X0Y5         |                 1 |           9 |               0 |              |                    | top_jesd204_inst/design_1_wrapper_inst/design_1_i/jesd204_phy_0/inst/jesd204_phy_block_i/design_1_jesd204_phy_0_0_gt/inst/design_1_jesd204_phy_0_0_gt_i/cpll_railing0_i/refclk_buf/O | top_jesd204_inst/design_1_wrapper_inst/design_1_i/jesd204_phy_0/inst/jesd204_phy_block_i/design_1_jesd204_phy_0_0_gt/inst/design_1_jesd204_phy_0_0_gt_i/cpll_railing0_i/refclk_buf_n_0 |
| g9        | src8      | BUFG/O          | None       | BUFGCTRL_X0Y8 | n/a          |                 1 |           1 |               0 |        5.000 | clkfbout_clk_wiz_0 | u_clk_wiz/inst/clkf_buf/O                                                                                                                                                            | u_clk_wiz/inst/clkfbout_buf_clk_wiz_0                                                                                                                                                  |
+-----------+-----------+-----------------+------------+---------------+--------------+-------------------+-------------+-----------------+--------------+--------------------+--------------------------------------------------------------------------------------------------------------------------------------------------------------------------------------+----------------------------------------------------------------------------------------------------------------------------------------------------------------------------------------+
* Clock Loads column represents cell count of net connects that connect to a clock pin. Internal cell leaf pins are not considered
** Non-Clock Loads column represents cell count of non-clock pin loads


3. Global Clock Source Details
------------------------------

+-----------+-----------+---------------------+------------------+------------------+--------------+-------------+-----------------+---------------------+--------------------+---------------------------------------------------------------------------+---------------------------------------------------------------------------+
| Source Id | Global Id | Driver Type/Pin     | Constraint       | Site             | Clock Region | Clock Loads | Non-Clock Loads | Source Clock Period | Source Clock       | Driver Pin                                                                | Net                                                                       |
+-----------+-----------+---------------------+------------------+------------------+--------------+-------------+-----------------+---------------------+--------------------+---------------------------------------------------------------------------+---------------------------------------------------------------------------+
| src0      | g0        | MMCME2_ADV/CLKOUT0  | None             | MMCME2_ADV_X1Y1  | X1Y1         |           1 |               0 |               8.333 | clk_120_clk_wiz_0  | u_clk_wiz/inst/mmcm_adv_inst/CLKOUT0                                      | u_clk_wiz/inst/clk_120_clk_wiz_0                                          |
| src1      | g1        | MMCME2_ADV/CLKOUT1  | None             | MMCME2_ADV_X1Y1  | X1Y1         |           1 |               0 |              10.000 | clk_100_clk_wiz_0  | u_clk_wiz/inst/mmcm_adv_inst/CLKOUT1                                      | u_clk_wiz/inst/clk_100_clk_wiz_0                                          |
| src2      | g2        | IBUF/O              | IOB_X0Y124       | IOB_X0Y124       | X0Y2         |           2 |               0 |               8.000 | eth_rxc            | net_rxc_IBUF_inst/O                                                       | net_rxc_IBUF                                                              |
| src2      | g3        | IBUF/O              | IOB_X0Y124       | IOB_X0Y124       | X0Y2         |           2 |               0 |               8.000 | eth_rxc            | net_rxc_IBUF_inst/O                                                       | net_rxc_IBUF                                                              |
| src3      | g4        | FDCE/Q              | None             | SLICE_X83Y196    | X1Y3         |           1 |               1 |                     |                    | u_TX7332/Clock_Divider_Inst/o_Divided_Clk_reg/Q                           | u_TX7332/Clock_Divider_Inst/o_Divided_Clk_reg_0                           |
| src4      | g5        | FDCE/Q              | None             | SLICE_X75Y197    | X0Y3         |           1 |               1 |                     |                    | net_udp_loop_inst1/inst_RTL8211_Config_IP_0/inst/u_mdio_dri/dri_clk_reg/Q | net_udp_loop_inst1/inst_RTL8211_Config_IP_0/inst/u_mdio_dri/dri_clk_reg_0 |
| src5      | g6        | MMCME2_ADV/CLKOUT2  | None             | MMCME2_ADV_X1Y1  | X1Y1         |           1 |               0 |               5.000 | clk_200_clk_wiz_0  | u_clk_wiz/inst/mmcm_adv_inst/CLKOUT2                                      | u_clk_wiz/inst/clk_200_clk_wiz_0                                          |
| src6      | g7        | MMCME2_ADV/CLKOUT3  | None             | MMCME2_ADV_X1Y1  | X1Y1         |           1 |               0 |              20.000 | clk_50_clk_wiz_0   | u_clk_wiz/inst/mmcm_adv_inst/CLKOUT3                                      | u_clk_wiz/inst/clk_50_clk_wiz_0                                           |
| src7      | g8        | IBUFDS_GTE2/O       | IBUFDS_GTE2_X0Y4 | IBUFDS_GTE2_X0Y4 | X1Y5         |          11 |               0 |                     |                    | top_jesd204_inst/IBUFDS_GTE2_inst/O                                       | top_jesd204_inst/jesd_ref_clk                                             |
| src8      | g9        | MMCME2_ADV/CLKFBOUT | None             | MMCME2_ADV_X1Y1  | X1Y1         |           1 |               0 |               5.000 | clkfbout_clk_wiz_0 | u_clk_wiz/inst/mmcm_adv_inst/CLKFBOUT                                     | u_clk_wiz/inst/clkfbout_clk_wiz_0                                         |
+-----------+-----------+---------------------+------------------+------------------+--------------+-------------+-----------------+---------------------+--------------------+---------------------------------------------------------------------------+---------------------------------------------------------------------------+
* Clock Loads column represents cell count of net connects that connect to a clock pin. Internal cell leaf pins are not considered
** Non-Clock Loads column represents cell count of non-clock pin loads


4. Clock Regions: Key Resource Utilization
------------------------------------------

+-------------------+--------------+--------------+--------------+--------------+--------------+--------------+--------------+--------------+--------------+--------------+--------------+--------------+--------------+--------------+--------------+
|                   | Global Clock |     BUFRs    |    BUFMRs    |    BUFIOs    |     MMCM     |      PLL     |      GT      |      PCI     |    ILOGIC    |    OLOGIC    |      FF      |     LUTM     |    RAMB18    |    RAMB36    |    DSP48E2   |
+-------------------+------+-------+------+-------+------+-------+------+-------+------+-------+------+-------+------+-------+------+-------+------+-------+------+-------+------+-------+------+-------+------+-------+------+-------+------+-------+
| Clock Region Name | Used | Avail | Used | Avail | Used | Avail | Used | Avail | Used | Avail | Used | Avail | Used | Avail | Used | Avail | Used | Avail | Used | Avail | Used | Avail | Used | Avail | Used | Avail | Used | Avail | Used | Avail |
+-------------------+------+-------+------+-------+------+-------+------+-------+------+-------+------+-------+------+-------+------+-------+------+-------+------+-------+------+-------+------+-------+------+-------+------+-------+------+-------+
| X0Y0              |    0 |    12 |    0 |     4 |    0 |     2 |    0 |     4 |    0 |     1 |    0 |     1 |    0 |     0 |    0 |     0 |    0 |    50 |    0 |    50 |    0 |  4000 |    0 |  1150 |    0 |    60 |    0 |    30 |    0 |    60 |
| X1Y0              |    0 |    12 |    0 |     4 |    0 |     2 |    0 |     4 |    0 |     1 |    0 |     1 |    0 |     0 |    0 |     0 |    0 |    50 |    0 |    50 |    0 |  3700 |    0 |  1200 |    0 |    80 |    0 |    40 |    0 |    60 |
| X0Y1              |    0 |    12 |    0 |     4 |    0 |     2 |    0 |     4 |    0 |     1 |    0 |     1 |    0 |     0 |    0 |     0 |    0 |    50 |    0 |    50 |    0 |  4000 |    0 |  1150 |    0 |    60 |    0 |    30 |    0 |    60 |
| X1Y1              |    1 |    12 |    0 |     4 |    0 |     2 |    0 |     4 |    1 |     1 |    0 |     1 |    0 |     0 |    0 |     0 |    0 |    50 |    0 |    50 |    0 |  3700 |    0 |  1200 |    0 |    80 |    0 |    40 |    0 |    60 |
| X0Y2              |    2 |    12 |    0 |     4 |    0 |     2 |    0 |     4 |    0 |     1 |    0 |     1 |    0 |     0 |    0 |     0 |    5 |    50 |    5 |    50 |  424 |  3400 |  209 |  1150 |    0 |    60 |    0 |    30 |    0 |    60 |
| X1Y2              |    1 |    12 |    0 |     4 |    0 |     2 |    0 |     4 |    0 |     1 |    0 |     1 |    0 |     0 |    0 |     0 |    0 |    50 |    0 |    50 |    9 |  3700 |    6 |  1200 |    0 |    80 |    7 |    40 |    0 |    60 |
| X0Y3              |    4 |    12 |    0 |     4 |    0 |     2 |    0 |     4 |    0 |     1 |    0 |     1 |    0 |     0 |    0 |     0 |    0 |    50 |    0 |    50 |  113 |  3400 |   34 |  1150 |    0 |    60 |    1 |    30 |    0 |    60 |
| X1Y3              |    2 |    12 |    0 |     0 |    0 |     0 |    0 |     0 |    0 |     0 |    0 |     0 |    0 |     4 |    0 |     1 |    0 |     0 |    0 |     0 |   62 |  3150 |   23 |  1050 |    0 |    50 |   15 |    25 |    0 |    60 |
| X0Y4              |    2 |    12 |    0 |     4 |    0 |     2 |    0 |     4 |    0 |     1 |    0 |     1 |    0 |     0 |    0 |     0 |    0 |    50 |    0 |    50 |  211 |  4000 |   69 |  1150 |    0 |    60 |    3 |    30 |    0 |    60 |
| X1Y4              |    5 |    12 |    0 |     0 |    0 |     0 |    0 |     0 |    0 |     0 |    0 |     0 |    0 |     4 |    0 |     0 |    0 |     0 |    0 |     0 |  381 |  3300 |  162 |  1100 |    0 |    60 |   20 |    30 |    0 |    60 |
| X0Y5              |    2 |    12 |    0 |     4 |    0 |     2 |    0 |     4 |    0 |     1 |    0 |     1 |    0 |     0 |    0 |     0 |    0 |    50 |    0 |    50 |   22 |  4000 |   29 |  1150 |    0 |    60 |    0 |    30 |    0 |    60 |
| X1Y5              |    6 |    12 |    0 |     0 |    0 |     0 |    0 |     0 |    0 |     0 |    0 |     0 |    4 |     4 |    0 |     0 |    0 |     0 |    0 |     0 | 3401 |  3300 | 1002 |  1100 |    0 |    60 |   12 |    30 |    0 |    60 |
| X0Y6              |    0 |    12 |    0 |     4 |    0 |     2 |    0 |     4 |    0 |     1 |    0 |     1 |    0 |     0 |    0 |     0 |    0 |    50 |    0 |    50 |    0 |  4000 |    0 |  1150 |    0 |    60 |    0 |    30 |    0 |    60 |
| X1Y6              |    2 |    12 |    0 |     0 |    0 |     0 |    0 |     0 |    0 |     0 |    0 |     0 |    4 |     4 |    0 |     0 |    0 |     0 |    0 |     0 | 1505 |  3300 |  453 |  1100 |    0 |    60 |    0 |    30 |    0 |    60 |
+-------------------+------+-------+------+-------+------+-------+------+-------+------+-------+------+-------+------+-------+------+-------+------+-------+------+-------+------+-------+------+-------+------+-------+------+-------+------+-------+
* Global Clock column represents track count; while other columns represents cell counts


5. Clock Regions : Global Clock Summary
---------------------------------------

All Modules
+----+----+----+
|    | X0 | X1 |
+----+----+----+
| Y6 |  0 |  2 |
| Y5 |  2 |  6 |
| Y4 |  2 |  5 |
| Y3 |  4 |  2 |
| Y2 |  2 |  1 |
| Y1 |  0 |  1 |
| Y0 |  0 |  0 |
+----+----+----+


6. Device Cell Placement Summary for Global Clock g0
----------------------------------------------------

+-----------+-----------------+-------------------+-------------------+-------------+---------------+-------------+----------+----------------+----------+------------------------+
| Global Id | Driver Type/Pin | Driver Region (D) | Clock             | Period (ns) | Waveform (ns) | Slice Loads | IO Loads | Clocking Loads | GT Loads | Net                    |
+-----------+-----------------+-------------------+-------------------+-------------+---------------+-------------+----------+----------------+----------+------------------------+
| g0        | BUFG/O          | n/a               | clk_120_clk_wiz_0 |       8.333 | {0.000 4.167} |        3987 |        0 |              0 |        8 | u_clk_wiz/inst/clk_120 |
+-----------+-----------------+-------------------+-------------------+-------------+---------------+-------------+----------+----------------+----------+------------------------+
* Slice Loads column represents load cell count of all cell types other than IO, GT and clock resources
** IO Loads column represents load cell count of IO types
*** Clocking Loads column represents load cell count that are clock resources (global clock buffer, MMCM, PLL, etc)
**** GT Loads column represents load cell count of GT types


+----+----+-------+-----------------------+
|    | X0 | X1    | HORIZONTAL PROG DELAY |
+----+----+-------+-----------------------+
| Y6 |  0 |  1061 |                     0 |
| Y5 |  0 |  2699 |                     0 |
| Y4 |  0 |   235 |                     0 |
| Y3 |  0 |     0 |                     - |
| Y2 |  0 |     0 |                     - |
| Y1 |  0 |     0 |                     - |
| Y0 |  0 |     0 |                     - |
+----+----+-------+-----------------------+


7. Device Cell Placement Summary for Global Clock g1
----------------------------------------------------

+-----------+-----------------+-------------------+-------------------+-------------+---------------+-------------+----------+----------------+----------+------------------------+
| Global Id | Driver Type/Pin | Driver Region (D) | Clock             | Period (ns) | Waveform (ns) | Slice Loads | IO Loads | Clocking Loads | GT Loads | Net                    |
+-----------+-----------------+-------------------+-------------------+-------------+---------------+-------------+----------+----------------+----------+------------------------+
| g1        | BUFG/O          | n/a               | clk_100_clk_wiz_0 |      10.000 | {0.000 5.000} |         865 |        0 |              0 |        8 | u_clk_wiz/inst/clk_100 |
+-----------+-----------------+-------------------+-------------------+-------------+---------------+-------------+----------+----------------+----------+------------------------+
* Slice Loads column represents load cell count of all cell types other than IO, GT and clock resources
** IO Loads column represents load cell count of IO types
*** Clocking Loads column represents load cell count that are clock resources (global clock buffer, MMCM, PLL, etc)
**** GT Loads column represents load cell count of GT types


+----+----+------+-----------------------+
|    | X0 | X1   | HORIZONTAL PROG DELAY |
+----+----+------+-----------------------+
| Y6 |  0 |  452 |                     0 |
| Y5 |  0 |  421 |                     0 |
| Y4 |  0 |    0 |                     - |
| Y3 |  0 |    0 |                     - |
| Y2 |  0 |    0 |                     - |
| Y1 |  0 |    0 |                     - |
| Y0 |  0 |    0 |                     - |
+----+----+------+-----------------------+


8. Device Cell Placement Summary for Global Clock g2
----------------------------------------------------

+-----------+-----------------+-------------------+---------+-------------+---------------+-------------+----------+----------------+----------+-----------------------------------------------------------+
| Global Id | Driver Type/Pin | Driver Region (D) | Clock   | Period (ns) | Waveform (ns) | Slice Loads | IO Loads | Clocking Loads | GT Loads | Net                                                       |
+-----------+-----------------+-------------------+---------+-------------+---------------+-------------+----------+----------------+----------+-----------------------------------------------------------+
| g2        | BUFG/O          | n/a               | eth_rxc |       8.000 | {0.000 4.000} |         822 |        1 |              0 |        0 | net_udp_loop_inst1/u_gmii_to_rgmii/u_rgmii_rx/gmii_rx_clk |
+-----------+-----------------+-------------------+---------+-------------+---------------+-------------+----------+----------------+----------+-----------------------------------------------------------+
* Slice Loads column represents load cell count of all cell types other than IO, GT and clock resources
** IO Loads column represents load cell count of IO types
*** Clocking Loads column represents load cell count that are clock resources (global clock buffer, MMCM, PLL, etc)
**** GT Loads column represents load cell count of GT types


+----+------+------+-----------------------+
|    | X0   | X1   | HORIZONTAL PROG DELAY |
+----+------+------+-----------------------+
| Y6 |    0 |    0 |                     - |
| Y5 |    0 |   24 |                     0 |
| Y4 |  183 |  119 |                     0 |
| Y3 |    2 |   44 |                     0 |
| Y2 |  435 |   16 |                     0 |
| Y1 |    0 |    0 |                     - |
| Y0 |    0 |    0 |                     - |
+----+------+------+-----------------------+


9. Device Cell Placement Summary for Global Clock g3
----------------------------------------------------

+-----------+-----------------+-------------------+---------+-------------+---------------+-------------+----------+----------------+----------+-------------------+
| Global Id | Driver Type/Pin | Driver Region (D) | Clock   | Period (ns) | Waveform (ns) | Slice Loads | IO Loads | Clocking Loads | GT Loads | Net               |
+-----------+-----------------+-------------------+---------+-------------+---------------+-------------+----------+----------------+----------+-------------------+
| g3        | BUFG/O          | n/a               | eth_rxc |       8.000 | {0.000 4.000} |         152 |        0 |              0 |        0 | net_rxc_IBUF_BUFG |
+-----------+-----------------+-------------------+---------+-------------+---------------+-------------+----------+----------------+----------+-------------------+
* Slice Loads column represents load cell count of all cell types other than IO, GT and clock resources
** IO Loads column represents load cell count of IO types
*** Clocking Loads column represents load cell count that are clock resources (global clock buffer, MMCM, PLL, etc)
**** GT Loads column represents load cell count of GT types


+----+----+-----+-----------------------+
|    | X0 | X1  | HORIZONTAL PROG DELAY |
+----+----+-----+-----------------------+
| Y6 |  0 |   0 |                     - |
| Y5 |  0 |  98 |                     0 |
| Y4 |  0 |  54 |                     0 |
| Y3 |  0 |   0 |                     - |
| Y2 |  0 |   0 |                     - |
| Y1 |  0 |   0 |                     - |
| Y0 |  0 |   0 |                     - |
+----+----+-----+-----------------------+


10. Device Cell Placement Summary for Global Clock g4
-----------------------------------------------------

+-----------+-----------------+-------------------+-------+-------------+---------------+-------------+----------+----------------+----------+---------------+
| Global Id | Driver Type/Pin | Driver Region (D) | Clock | Period (ns) | Waveform (ns) | Slice Loads | IO Loads | Clocking Loads | GT Loads | Net           |
+-----------+-----------------+-------------------+-------+-------------+---------------+-------------+----------+----------------+----------+---------------+
| g4        | BUFG/O          | n/a               |       |             |               |         225 |        0 |              0 |        0 | w_Divided_Clk |
+-----------+-----------------+-------------------+-------+-------------+---------------+-------------+----------+----------------+----------+---------------+
* Slice Loads column represents load cell count of all cell types other than IO, GT and clock resources
** IO Loads column represents load cell count of IO types
*** Clocking Loads column represents load cell count that are clock resources (global clock buffer, MMCM, PLL, etc)
**** GT Loads column represents load cell count of GT types


+----+-----+------+-----------------------+
|    | X0  | X1   | HORIZONTAL PROG DELAY |
+----+-----+------+-----------------------+
| Y6 |   0 |    0 |                     - |
| Y5 |  20 |  197 |                     0 |
| Y4 |   0 |    8 |                     0 |
| Y3 |   0 |    0 |                     - |
| Y2 |   0 |    0 |                     - |
| Y1 |   0 |    0 |                     - |
| Y0 |   0 |    0 |                     - |
+----+-----+------+-----------------------+


11. Device Cell Placement Summary for Global Clock g5
-----------------------------------------------------

+-----------+-----------------+-------------------+-------+-------------+---------------+-------------+----------+----------------+----------+-----------------------------------------------------+
| Global Id | Driver Type/Pin | Driver Region (D) | Clock | Period (ns) | Waveform (ns) | Slice Loads | IO Loads | Clocking Loads | GT Loads | Net                                                 |
+-----------+-----------------+-------------------+-------+-------------+---------------+-------------+----------+----------------+----------+-----------------------------------------------------+
| g5        | BUFG/O          | n/a               |       |             |               |         116 |        0 |              0 |        0 | net_udp_loop_inst1/inst_RTL8211_Config_IP_0/dri_clk |
+-----------+-----------------+-------------------+-------+-------------+---------------+-------------+----------+----------------+----------+-----------------------------------------------------+
* Slice Loads column represents load cell count of all cell types other than IO, GT and clock resources
** IO Loads column represents load cell count of IO types
*** Clocking Loads column represents load cell count that are clock resources (global clock buffer, MMCM, PLL, etc)
**** GT Loads column represents load cell count of GT types


+----+-----+----+-----------------------+
|    | X0  | X1 | HORIZONTAL PROG DELAY |
+----+-----+----+-----------------------+
| Y6 |   0 |  0 |                     - |
| Y5 |   0 |  0 |                     - |
| Y4 |  31 |  0 |                     0 |
| Y3 |  85 |  0 |                     0 |
| Y2 |   0 |  0 |                     - |
| Y1 |   0 |  0 |                     - |
| Y0 |   0 |  0 |                     - |
+----+-----+----+-----------------------+


12. Device Cell Placement Summary for Global Clock g6
-----------------------------------------------------

+-----------+-----------------+-------------------+-------------------+-------------+---------------+-------------+----------+----------------+----------+------------------------+
| Global Id | Driver Type/Pin | Driver Region (D) | Clock             | Period (ns) | Waveform (ns) | Slice Loads | IO Loads | Clocking Loads | GT Loads | Net                    |
+-----------+-----------------+-------------------+-------------------+-------------+---------------+-------------+----------+----------------+----------+------------------------+
| g6        | BUFG/O          | n/a               | clk_200_clk_wiz_0 |       5.000 | {0.000 2.500} |          75 |        0 |              0 |        0 | u_clk_wiz/inst/clk_200 |
+-----------+-----------------+-------------------+-------------------+-------------+---------------+-------------+----------+----------------+----------+------------------------+
* Slice Loads column represents load cell count of all cell types other than IO, GT and clock resources
** IO Loads column represents load cell count of IO types
*** Clocking Loads column represents load cell count that are clock resources (global clock buffer, MMCM, PLL, etc)
**** GT Loads column represents load cell count of GT types


+----+----+-----+-----------------------+
|    | X0 | X1  | HORIZONTAL PROG DELAY |
+----+----+-----+-----------------------+
| Y6 |  0 |   0 |                     - |
| Y5 |  0 |  30 |                     0 |
| Y4 |  0 |   4 |                     0 |
| Y3 |  7 |  33 |                     0 |
| Y2 |  1 |   0 |                     0 |
| Y1 |  0 |   0 |                     - |
| Y0 |  0 |   0 |                     - |
+----+----+-----+-----------------------+


13. Device Cell Placement Summary for Global Clock g7
-----------------------------------------------------

+-----------+-----------------+-------------------+------------------+-------------+----------------+-------------+----------+----------------+----------+-----------------------+
| Global Id | Driver Type/Pin | Driver Region (D) | Clock            | Period (ns) | Waveform (ns)  | Slice Loads | IO Loads | Clocking Loads | GT Loads | Net                   |
+-----------+-----------------+-------------------+------------------+-------------+----------------+-------------+----------+----------------+----------+-----------------------+
| g7        | BUFG/O          | n/a               | clk_50_clk_wiz_0 |      20.000 | {0.000 10.000} |          20 |        0 |              0 |        0 | u_clk_wiz/inst/clk_50 |
+-----------+-----------------+-------------------+------------------+-------------+----------------+-------------+----------+----------------+----------+-----------------------+
* Slice Loads column represents load cell count of all cell types other than IO, GT and clock resources
** IO Loads column represents load cell count of IO types
*** Clocking Loads column represents load cell count that are clock resources (global clock buffer, MMCM, PLL, etc)
**** GT Loads column represents load cell count of GT types


+----+-----+----+-----------------------+
|    | X0  | X1 | HORIZONTAL PROG DELAY |
+----+-----+----+-----------------------+
| Y6 |   0 |  0 |                     - |
| Y5 |   0 |  0 |                     - |
| Y4 |   0 |  0 |                     - |
| Y3 |  20 |  0 |                     0 |
| Y2 |   0 |  0 |                     - |
| Y1 |   0 |  0 |                     - |
| Y0 |   0 |  0 |                     - |
+----+-----+----+-----------------------+


14. Device Cell Placement Summary for Global Clock g8
-----------------------------------------------------

+-----------+-----------------+-------------------+-------+-------------+---------------+-------------+----------+----------------+----------+----------------------------------------------------------------------------------------------------------------------------------------------------------------------------------------+
| Global Id | Driver Type/Pin | Driver Region (D) | Clock | Period (ns) | Waveform (ns) | Slice Loads | IO Loads | Clocking Loads | GT Loads | Net                                                                                                                                                                                    |
+-----------+-----------------+-------------------+-------+-------------+---------------+-------------+----------+----------------+----------+----------------------------------------------------------------------------------------------------------------------------------------------------------------------------------------+
| g8        | BUFH/O          | X0Y5              |       |             |               |           9 |        0 |              0 |        0 | top_jesd204_inst/design_1_wrapper_inst/design_1_i/jesd204_phy_0/inst/jesd204_phy_block_i/design_1_jesd204_phy_0_0_gt/inst/design_1_jesd204_phy_0_0_gt_i/cpll_railing0_i/refclk_buf_n_0 |
+-----------+-----------------+-------------------+-------+-------------+---------------+-------------+----------+----------------+----------+----------------------------------------------------------------------------------------------------------------------------------------------------------------------------------------+
* Slice Loads column represents load cell count of all cell types other than IO, GT and clock resources
** IO Loads column represents load cell count of IO types
*** Clocking Loads column represents load cell count that are clock resources (global clock buffer, MMCM, PLL, etc)
**** GT Loads column represents load cell count of GT types


+----+--------+----+-----------------------+
|    | X0     | X1 | HORIZONTAL PROG DELAY |
+----+--------+----+-----------------------+
| Y6 |      0 |  0 |                     - |
| Y5 |  (D) 9 |  0 |                     0 |
| Y4 |      0 |  0 |                     - |
| Y3 |      0 |  0 |                     - |
| Y2 |      0 |  0 |                     - |
| Y1 |      0 |  0 |                     - |
| Y0 |      0 |  0 |                     - |
+----+--------+----+-----------------------+


15. Device Cell Placement Summary for Global Clock g9
-----------------------------------------------------

+-----------+-----------------+-------------------+--------------------+-------------+---------------+-------------+----------+----------------+----------+---------------------------------------+
| Global Id | Driver Type/Pin | Driver Region (D) | Clock              | Period (ns) | Waveform (ns) | Slice Loads | IO Loads | Clocking Loads | GT Loads | Net                                   |
+-----------+-----------------+-------------------+--------------------+-------------+---------------+-------------+----------+----------------+----------+---------------------------------------+
| g9        | BUFG/O          | n/a               | clkfbout_clk_wiz_0 |       5.000 | {0.000 2.500} |           0 |        0 |              1 |        0 | u_clk_wiz/inst/clkfbout_buf_clk_wiz_0 |
+-----------+-----------------+-------------------+--------------------+-------------+---------------+-------------+----------+----------------+----------+---------------------------------------+
* Slice Loads column represents load cell count of all cell types other than IO, GT and clock resources
** IO Loads column represents load cell count of IO types
*** Clocking Loads column represents load cell count that are clock resources (global clock buffer, MMCM, PLL, etc)
**** GT Loads column represents load cell count of GT types


+----+----+----+-----------------------+
|    | X0 | X1 | HORIZONTAL PROG DELAY |
+----+----+----+-----------------------+
| Y6 |  0 |  0 |                     - |
| Y5 |  0 |  0 |                     - |
| Y4 |  0 |  0 |                     - |
| Y3 |  0 |  0 |                     - |
| Y2 |  0 |  0 |                     - |
| Y1 |  0 |  1 |                     0 |
| Y0 |  0 |  0 |                     - |
+----+----+----+-----------------------+


16. Clock Region Cell Placement per Global Clock: Region X1Y1
-------------------------------------------------------------

+-----------+-------+-----------------+------------+-------------+-----------------+----+-------------+------+-----+----+------+-----+---------+---------------------------------------+
| Global Id | Track | Driver Type/Pin | Constraint | Clock Loads | Non-Clock Loads | FF | Memory LUTs | RAMB | DSP | GT | MMCM | PLL | Hard IP | Net                                   |
+-----------+-------+-----------------+------------+-------------+-----------------+----+-------------+------+-----+----+------+-----+---------+---------------------------------------+
| g9        | n/a   | BUFG/O          | None       |           1 |               0 |  0 |           0 |    0 |   0 |  0 |    1 |   0 |       0 | u_clk_wiz/inst/clkfbout_buf_clk_wiz_0 |
+-----------+-------+-----------------+------------+-------------+-----------------+----+-------------+------+-----+----+------+-----+---------+---------------------------------------+
* Clock Loads column represents cell count of net connects that connect to a clock pin. Internal cell leaf pins are not considered
** Non-Clock Loads column represents cell count of non-clock pin loads
*** Columns FF, LUTRAM, RAMB through 'Hard IP' represents load cell counts


17. Clock Region Cell Placement per Global Clock: Region X0Y2
-------------------------------------------------------------

+-----------+-------+-----------------+------------+-------------+-----------------+-----+-------------+------+-----+----+------+-----+---------+-----------------------------------------------------------+
| Global Id | Track | Driver Type/Pin | Constraint | Clock Loads | Non-Clock Loads | FF  | Memory LUTs | RAMB | DSP | GT | MMCM | PLL | Hard IP | Net                                                       |
+-----------+-------+-----------------+------------+-------------+-----------------+-----+-------------+------+-----+----+------+-----+---------+-----------------------------------------------------------+
| g2        | n/a   | BUFG/O          | None       |         434 |               1 | 424 |           0 |    0 |   0 |  0 |    0 |   0 |       0 | net_udp_loop_inst1/u_gmii_to_rgmii/u_rgmii_rx/gmii_rx_clk |
| g6        | n/a   | BUFG/O          | None       |           1 |               0 |   0 |           0 |    0 |   0 |  0 |    0 |   0 |       0 | u_clk_wiz/inst/clk_200                                    |
+-----------+-------+-----------------+------------+-------------+-----------------+-----+-------------+------+-----+----+------+-----+---------+-----------------------------------------------------------+
* Clock Loads column represents cell count of net connects that connect to a clock pin. Internal cell leaf pins are not considered
** Non-Clock Loads column represents cell count of non-clock pin loads
*** Columns FF, LUTRAM, RAMB through 'Hard IP' represents load cell counts


18. Clock Region Cell Placement per Global Clock: Region X1Y2
-------------------------------------------------------------

+-----------+-------+-----------------+------------+-------------+-----------------+----+-------------+------+-----+----+------+-----+---------+-----------------------------------------------------------+
| Global Id | Track | Driver Type/Pin | Constraint | Clock Loads | Non-Clock Loads | FF | Memory LUTs | RAMB | DSP | GT | MMCM | PLL | Hard IP | Net                                                       |
+-----------+-------+-----------------+------------+-------------+-----------------+----+-------------+------+-----+----+------+-----+---------+-----------------------------------------------------------+
| g2        | n/a   | BUFG/O          | None       |          16 |               0 |  9 |           0 |    7 |   0 |  0 |    0 |   0 |       0 | net_udp_loop_inst1/u_gmii_to_rgmii/u_rgmii_rx/gmii_rx_clk |
+-----------+-------+-----------------+------------+-------------+-----------------+----+-------------+------+-----+----+------+-----+---------+-----------------------------------------------------------+
* Clock Loads column represents cell count of net connects that connect to a clock pin. Internal cell leaf pins are not considered
** Non-Clock Loads column represents cell count of non-clock pin loads
*** Columns FF, LUTRAM, RAMB through 'Hard IP' represents load cell counts


19. Clock Region Cell Placement per Global Clock: Region X0Y3
-------------------------------------------------------------

+-----------+-------+-----------------+------------+-------------+-----------------+----+-------------+------+-----+----+------+-----+---------+-----------------------------------------------------------+
| Global Id | Track | Driver Type/Pin | Constraint | Clock Loads | Non-Clock Loads | FF | Memory LUTs | RAMB | DSP | GT | MMCM | PLL | Hard IP | Net                                                       |
+-----------+-------+-----------------+------------+-------------+-----------------+----+-------------+------+-----+----+------+-----+---------+-----------------------------------------------------------+
| g2        | n/a   | BUFG/O          | None       |           2 |               0 |  1 |           0 |    1 |   0 |  0 |    0 |   0 |       0 | net_udp_loop_inst1/u_gmii_to_rgmii/u_rgmii_rx/gmii_rx_clk |
| g5        | n/a   | BUFG/O          | None       |          85 |               0 | 85 |           0 |    0 |   0 |  0 |    0 |   0 |       0 | net_udp_loop_inst1/inst_RTL8211_Config_IP_0/dri_clk       |
| g6        | n/a   | BUFG/O          | None       |           7 |               0 |  7 |           0 |    0 |   0 |  0 |    0 |   0 |       0 | u_clk_wiz/inst/clk_200                                    |
| g7        | n/a   | BUFG/O          | None       |          20 |               0 | 20 |           0 |    0 |   0 |  0 |    0 |   0 |       0 | u_clk_wiz/inst/clk_50                                     |
+-----------+-------+-----------------+------------+-------------+-----------------+----+-------------+------+-----+----+------+-----+---------+-----------------------------------------------------------+
* Clock Loads column represents cell count of net connects that connect to a clock pin. Internal cell leaf pins are not considered
** Non-Clock Loads column represents cell count of non-clock pin loads
*** Columns FF, LUTRAM, RAMB through 'Hard IP' represents load cell counts


20. Clock Region Cell Placement per Global Clock: Region X1Y3
-------------------------------------------------------------

+-----------+-------+-----------------+------------+-------------+-----------------+----+-------------+------+-----+----+------+-----+---------+-----------------------------------------------------------+
| Global Id | Track | Driver Type/Pin | Constraint | Clock Loads | Non-Clock Loads | FF | Memory LUTs | RAMB | DSP | GT | MMCM | PLL | Hard IP | Net                                                       |
+-----------+-------+-----------------+------------+-------------+-----------------+----+-------------+------+-----+----+------+-----+---------+-----------------------------------------------------------+
| g2        | n/a   | BUFG/O          | None       |          44 |               0 | 29 |           0 |   15 |   0 |  0 |    0 |   0 |       0 | net_udp_loop_inst1/u_gmii_to_rgmii/u_rgmii_rx/gmii_rx_clk |
| g6        | n/a   | BUFG/O          | None       |          33 |               0 | 33 |           0 |    0 |   0 |  0 |    0 |   0 |       0 | u_clk_wiz/inst/clk_200                                    |
+-----------+-------+-----------------+------------+-------------+-----------------+----+-------------+------+-----+----+------+-----+---------+-----------------------------------------------------------+
* Clock Loads column represents cell count of net connects that connect to a clock pin. Internal cell leaf pins are not considered
** Non-Clock Loads column represents cell count of non-clock pin loads
*** Columns FF, LUTRAM, RAMB through 'Hard IP' represents load cell counts


21. Clock Region Cell Placement per Global Clock: Region X0Y4
-------------------------------------------------------------

+-----------+-------+-----------------+------------+-------------+-----------------+-----+-------------+------+-----+----+------+-----+---------+-----------------------------------------------------------+
| Global Id | Track | Driver Type/Pin | Constraint | Clock Loads | Non-Clock Loads | FF  | Memory LUTs | RAMB | DSP | GT | MMCM | PLL | Hard IP | Net                                                       |
+-----------+-------+-----------------+------------+-------------+-----------------+-----+-------------+------+-----+----+------+-----+---------+-----------------------------------------------------------+
| g2        | n/a   | BUFG/O          | None       |         183 |               0 | 180 |           0 |    3 |   0 |  0 |    0 |   0 |       0 | net_udp_loop_inst1/u_gmii_to_rgmii/u_rgmii_rx/gmii_rx_clk |
| g5        | n/a   | BUFG/O          | None       |          31 |               0 |  31 |           0 |    0 |   0 |  0 |    0 |   0 |       0 | net_udp_loop_inst1/inst_RTL8211_Config_IP_0/dri_clk       |
+-----------+-------+-----------------+------------+-------------+-----------------+-----+-------------+------+-----+----+------+-----+---------+-----------------------------------------------------------+
* Clock Loads column represents cell count of net connects that connect to a clock pin. Internal cell leaf pins are not considered
** Non-Clock Loads column represents cell count of non-clock pin loads
*** Columns FF, LUTRAM, RAMB through 'Hard IP' represents load cell counts


22. Clock Region Cell Placement per Global Clock: Region X1Y4
-------------------------------------------------------------

+-----------+-------+-----------------+------------+-------------+-----------------+-----+-------------+------+-----+----+------+-----+---------+-----------------------------------------------------------+
| Global Id | Track | Driver Type/Pin | Constraint | Clock Loads | Non-Clock Loads | FF  | Memory LUTs | RAMB | DSP | GT | MMCM | PLL | Hard IP | Net                                                       |
+-----------+-------+-----------------+------------+-------------+-----------------+-----+-------------+------+-----+----+------+-----+---------+-----------------------------------------------------------+
| g0        | n/a   | BUFG/O          | None       |         235 |               0 | 217 |           1 |   17 |   0 |  0 |    0 |   0 |       0 | u_clk_wiz/inst/clk_120                                    |
| g2        | n/a   | BUFG/O          | None       |         119 |               0 | 115 |           1 |    3 |   0 |  0 |    0 |   0 |       0 | net_udp_loop_inst1/u_gmii_to_rgmii/u_rgmii_rx/gmii_rx_clk |
| g4        | n/a   | BUFG/O          | None       |           8 |               0 |   8 |           0 |    0 |   0 |  0 |    0 |   0 |       0 | w_Divided_Clk                                             |
| g3        | n/a   | BUFG/O          | None       |          54 |               0 |  37 |           0 |   17 |   0 |  0 |    0 |   0 |       0 | net_rxc_IBUF_BUFG                                         |
| g6        | n/a   | BUFG/O          | None       |           4 |               0 |   4 |           0 |    0 |   0 |  0 |    0 |   0 |       0 | u_clk_wiz/inst/clk_200                                    |
+-----------+-------+-----------------+------------+-------------+-----------------+-----+-------------+------+-----+----+------+-----+---------+-----------------------------------------------------------+
* Clock Loads column represents cell count of net connects that connect to a clock pin. Internal cell leaf pins are not considered
** Non-Clock Loads column represents cell count of non-clock pin loads
*** Columns FF, LUTRAM, RAMB through 'Hard IP' represents load cell counts


23. Clock Region Cell Placement per Global Clock: Region X0Y5
-------------------------------------------------------------

+-----------+-------+-----------------+------------+-------------+-----------------+----+-------------+------+-----+----+------+-----+---------+----------------------------------------------------------------------------------------------------------------------------------------------------------------------------------------+
| Global Id | Track | Driver Type/Pin | Constraint | Clock Loads | Non-Clock Loads | FF | Memory LUTs | RAMB | DSP | GT | MMCM | PLL | Hard IP | Net                                                                                                                                                                                    |
+-----------+-------+-----------------+------------+-------------+-----------------+----+-------------+------+-----+----+------+-----+---------+----------------------------------------------------------------------------------------------------------------------------------------------------------------------------------------+
| g4        | n/a   | BUFG/O          | None       |          20 |               0 | 20 |           0 |    0 |   0 |  0 |    0 |   0 |       0 | w_Divided_Clk                                                                                                                                                                          |
| g8        | n/a   | BUFH/O          | None       |           9 |               0 |  2 |           7 |    0 |   0 |  0 |    0 |   0 |       0 | top_jesd204_inst/design_1_wrapper_inst/design_1_i/jesd204_phy_0/inst/jesd204_phy_block_i/design_1_jesd204_phy_0_0_gt/inst/design_1_jesd204_phy_0_0_gt_i/cpll_railing0_i/refclk_buf_n_0 |
+-----------+-------+-----------------+------------+-------------+-----------------+----+-------------+------+-----+----+------+-----+---------+----------------------------------------------------------------------------------------------------------------------------------------------------------------------------------------+
* Clock Loads column represents cell count of net connects that connect to a clock pin. Internal cell leaf pins are not considered
** Non-Clock Loads column represents cell count of non-clock pin loads
*** Columns FF, LUTRAM, RAMB through 'Hard IP' represents load cell counts


24. Clock Region Cell Placement per Global Clock: Region X1Y5
-------------------------------------------------------------

+-----------+-------+-----------------+------------+-------------+-----------------+------+-------------+------+-----+----+------+-----+---------+-----------------------------------------------------------+
| Global Id | Track | Driver Type/Pin | Constraint | Clock Loads | Non-Clock Loads | FF   | Memory LUTs | RAMB | DSP | GT | MMCM | PLL | Hard IP | Net                                                       |
+-----------+-------+-----------------+------------+-------------+-----------------+------+-------------+------+-----+----+------+-----+---------+-----------------------------------------------------------+
| g0        | n/a   | BUFG/O          | None       |        2699 |               0 | 2647 |          36 |   12 |   0 |  4 |    0 |   0 |       0 | u_clk_wiz/inst/clk_120                                    |
| g1        | n/a   | BUFG/O          | None       |         421 |               0 |  417 |           0 |    0 |   0 |  4 |    0 |   0 |       0 | u_clk_wiz/inst/clk_100                                    |
| g2        | n/a   | BUFG/O          | None       |          24 |               0 |   24 |           0 |    0 |   0 |  0 |    0 |   0 |       0 | net_udp_loop_inst1/u_gmii_to_rgmii/u_rgmii_rx/gmii_rx_clk |
| g4        | n/a   | BUFG/O          | None       |         197 |               0 |  197 |           0 |    0 |   0 |  0 |    0 |   0 |       0 | w_Divided_Clk                                             |
| g3        | n/a   | BUFG/O          | None       |          98 |               0 |   86 |           0 |   12 |   0 |  0 |    0 |   0 |       0 | net_rxc_IBUF_BUFG                                         |
| g6        | n/a   | BUFG/O          | None       |          30 |               0 |   30 |           0 |    0 |   0 |  0 |    0 |   0 |       0 | u_clk_wiz/inst/clk_200                                    |
+-----------+-------+-----------------+------------+-------------+-----------------+------+-------------+------+-----+----+------+-----+---------+-----------------------------------------------------------+
* Clock Loads column represents cell count of net connects that connect to a clock pin. Internal cell leaf pins are not considered
** Non-Clock Loads column represents cell count of non-clock pin loads
*** Columns FF, LUTRAM, RAMB through 'Hard IP' represents load cell counts


25. Clock Region Cell Placement per Global Clock: Region X1Y6
-------------------------------------------------------------

+-----------+-------+-----------------+------------+-------------+-----------------+------+-------------+------+-----+----+------+-----+---------+------------------------+
| Global Id | Track | Driver Type/Pin | Constraint | Clock Loads | Non-Clock Loads | FF   | Memory LUTs | RAMB | DSP | GT | MMCM | PLL | Hard IP | Net                    |
+-----------+-------+-----------------+------------+-------------+-----------------+------+-------------+------+-----+----+------+-----+---------+------------------------+
| g0        | n/a   | BUFG/O          | None       |        1061 |               0 | 1057 |           0 |    0 |   0 |  4 |    0 |   0 |       0 | u_clk_wiz/inst/clk_120 |
| g1        | n/a   | BUFG/O          | None       |         452 |               0 |  448 |           0 |    0 |   0 |  4 |    0 |   0 |       0 | u_clk_wiz/inst/clk_100 |
+-----------+-------+-----------------+------------+-------------+-----------------+------+-------------+------+-----+----+------+-----+---------+------------------------+
* Clock Loads column represents cell count of net connects that connect to a clock pin. Internal cell leaf pins are not considered
** Non-Clock Loads column represents cell count of non-clock pin loads
*** Columns FF, LUTRAM, RAMB through 'Hard IP' represents load cell counts



# Location of BUFG Primitives 
set_property LOC BUFGCTRL_X0Y4 [get_cells FSM_onehot_r_State_reg[2]_i_2]
set_property LOC BUFGCTRL_X0Y8 [get_cells u_clk_wiz/inst/clkf_buf]
set_property LOC BUFGCTRL_X0Y7 [get_cells u_clk_wiz/inst/clkout4_buf]
set_property LOC BUFGCTRL_X0Y3 [get_cells u_clk_wiz/inst/clkout3_buf]
set_property LOC BUFGCTRL_X0Y0 [get_cells u_clk_wiz/inst/clkout1_buf]
set_property LOC BUFGCTRL_X0Y1 [get_cells u_clk_wiz/inst/clkout2_buf]
set_property LOC BUFGCTRL_X0Y2 [get_cells net_udp_loop_inst1/u_gmii_to_rgmii/u_rgmii_rx/BUFG_inst]
set_property LOC BUFGCTRL_X0Y6 [get_cells net_udp_loop_inst1/inst_RTL8211_Config_IP_0/eth_mdc_reg_i_2]
set_property LOC BUFGCTRL_X0Y5 [get_cells net_rxc_IBUF_BUFG_inst]

# Location of BUFH Primitives 
set_property LOC BUFHCE_X0Y60 [get_cells top_jesd204_inst/design_1_wrapper_inst/design_1_i/jesd204_phy_0/inst/jesd204_phy_block_i/design_1_jesd204_phy_0_0_gt/inst/design_1_jesd204_phy_0_0_gt_i/cpll_railing0_i/refclk_buf]

# Location of IO Primitives which is load of clock spine
set_property LOC IOB_X0Y123 [get_cells net_txc_OBUF_inst]

# Location of clock ports
set_property LOC IPAD_X1Y75 [get_ports jesd_ref_clk_n]
set_property LOC IPAD_X1Y74 [get_ports jesd_ref_clk_p]
set_property LOC IOB_X0Y124 [get_ports net_rxc]
set_property LOC IOB_X1Y73 [get_ports sys_clk_n]
set_property LOC IOB_X1Y74 [get_ports sys_clk_p]

# Clock net "w_Divided_Clk" driven by instance "FSM_onehot_r_State_reg[2]_i_2" located at site "BUFGCTRL_X0Y4"
#startgroup
create_pblock {CLKAG_w_Divided_Clk}
add_cells_to_pblock [get_pblocks  {CLKAG_w_Divided_Clk}] [get_cells -filter { PRIMITIVE_GROUP != I/O && IS_PRIMITIVE==1 && PRIMITIVE_LEVEL !=INTERNAL } -of_object [get_pins -filter {DIRECTION==IN} -of_objects [get_nets -hierarchical -filter {PARENT=="w_Divided_Clk"}]]]
resize_pblock [get_pblocks {CLKAG_w_Divided_Clk}] -add {CLOCKREGION_X0Y5:CLOCKREGION_X0Y5 CLOCKREGION_X1Y4:CLOCKREGION_X1Y4 CLOCKREGION_X1Y5:CLOCKREGION_X1Y5}
#endgroup

# Clock net "u_clk_wiz/inst/clk_50" driven by instance "u_clk_wiz/inst/clkout4_buf" located at site "BUFGCTRL_X0Y7"
#startgroup
create_pblock {CLKAG_u_clk_wiz/inst/clk_50}
add_cells_to_pblock [get_pblocks  {CLKAG_u_clk_wiz/inst/clk_50}] [get_cells -filter { PRIMITIVE_GROUP != I/O && IS_PRIMITIVE==1 && PRIMITIVE_LEVEL !=INTERNAL } -of_object [get_pins -filter {DIRECTION==IN} -of_objects [get_nets -hierarchical -filter {PARENT=="u_clk_wiz/inst/clk_50"}]]]
resize_pblock [get_pblocks {CLKAG_u_clk_wiz/inst/clk_50}] -add {CLOCKREGION_X0Y3:CLOCKREGION_X0Y3}
#endgroup

# Clock net "u_clk_wiz/inst/clk_200" driven by instance "u_clk_wiz/inst/clkout3_buf" located at site "BUFGCTRL_X0Y3"
#startgroup
create_pblock {CLKAG_u_clk_wiz/inst/clk_200}
add_cells_to_pblock [get_pblocks  {CLKAG_u_clk_wiz/inst/clk_200}] [get_cells -filter { PRIMITIVE_GROUP != I/O && IS_PRIMITIVE==1 && PRIMITIVE_LEVEL !=INTERNAL } -of_object [get_pins -filter {DIRECTION==IN} -of_objects [get_nets -hierarchical -filter {PARENT=="u_clk_wiz/inst/clk_200"}]]]
resize_pblock [get_pblocks {CLKAG_u_clk_wiz/inst/clk_200}] -add {CLOCKREGION_X0Y2:CLOCKREGION_X0Y2 CLOCKREGION_X0Y3:CLOCKREGION_X0Y3 CLOCKREGION_X1Y3:CLOCKREGION_X1Y3 CLOCKREGION_X1Y4:CLOCKREGION_X1Y4 CLOCKREGION_X1Y5:CLOCKREGION_X1Y5}
#endgroup

# Clock net "u_clk_wiz/inst/clk_120" driven by instance "u_clk_wiz/inst/clkout1_buf" located at site "BUFGCTRL_X0Y0"
#startgroup
create_pblock {CLKAG_u_clk_wiz/inst/clk_120}
add_cells_to_pblock [get_pblocks  {CLKAG_u_clk_wiz/inst/clk_120}] [get_cells -filter { PRIMITIVE_GROUP != I/O && IS_PRIMITIVE==1 && PRIMITIVE_LEVEL !=INTERNAL } -of_object [get_pins -filter {DIRECTION==IN} -of_objects [get_nets -hierarchical -filter {PARENT=="u_clk_wiz/inst/clk_120"}]]]
resize_pblock [get_pblocks {CLKAG_u_clk_wiz/inst/clk_120}] -add {CLOCKREGION_X1Y4:CLOCKREGION_X1Y4 CLOCKREGION_X1Y5:CLOCKREGION_X1Y5 CLOCKREGION_X1Y6:CLOCKREGION_X1Y6}
#endgroup

# Clock net "u_clk_wiz/inst/clk_100" driven by instance "u_clk_wiz/inst/clkout2_buf" located at site "BUFGCTRL_X0Y1"
#startgroup
create_pblock {CLKAG_u_clk_wiz/inst/clk_100}
add_cells_to_pblock [get_pblocks  {CLKAG_u_clk_wiz/inst/clk_100}] [get_cells -filter { PRIMITIVE_GROUP != I/O && IS_PRIMITIVE==1 && PRIMITIVE_LEVEL !=INTERNAL } -of_object [get_pins -filter {DIRECTION==IN} -of_objects [get_nets -hierarchical -filter {PARENT=="u_clk_wiz/inst/clk_100"}]]]
resize_pblock [get_pblocks {CLKAG_u_clk_wiz/inst/clk_100}] -add {CLOCKREGION_X1Y5:CLOCKREGION_X1Y5 CLOCKREGION_X1Y6:CLOCKREGION_X1Y6}
#endgroup

# Clock net "top_jesd204_inst/design_1_wrapper_inst/design_1_i/jesd204_phy_0/inst/jesd204_phy_block_i/design_1_jesd204_phy_0_0_gt/inst/design_1_jesd204_phy_0_0_gt_i/cpll_railing0_i/refclk_buf_n_0" driven by instance "top_jesd204_inst/design_1_wrapper_inst/design_1_i/jesd204_phy_0/inst/jesd204_phy_block_i/design_1_jesd204_phy_0_0_gt/inst/design_1_jesd204_phy_0_0_gt_i/cpll_railing0_i/refclk_buf" located at site "BUFHCE_X0Y60"
#startgroup
create_pblock {CLKAG_top_jesd204_inst/design_1_wrapper_inst/design_1_i/jesd204_phy_0/inst/jesd204_phy_block_i/design_1_jesd204_phy_0_0_gt/inst/design_1_jesd204_phy_0_0_gt_i/cpll_railing0_i/refclk_buf_n_0}
add_cells_to_pblock [get_pblocks  {CLKAG_top_jesd204_inst/design_1_wrapper_inst/design_1_i/jesd204_phy_0/inst/jesd204_phy_block_i/design_1_jesd204_phy_0_0_gt/inst/design_1_jesd204_phy_0_0_gt_i/cpll_railing0_i/refclk_buf_n_0}] [get_cells -filter { PRIMITIVE_GROUP != I/O && IS_PRIMITIVE==1 && PRIMITIVE_LEVEL !=INTERNAL } -of_object [get_pins -filter {DIRECTION==IN} -of_objects [get_nets -hierarchical -filter {PARENT=="top_jesd204_inst/design_1_wrapper_inst/design_1_i/jesd204_phy_0/inst/jesd204_phy_block_i/design_1_jesd204_phy_0_0_gt/inst/design_1_jesd204_phy_0_0_gt_i/cpll_railing0_i/refclk_buf_n_0"}]]]
resize_pblock [get_pblocks {CLKAG_top_jesd204_inst/design_1_wrapper_inst/design_1_i/jesd204_phy_0/inst/jesd204_phy_block_i/design_1_jesd204_phy_0_0_gt/inst/design_1_jesd204_phy_0_0_gt_i/cpll_railing0_i/refclk_buf_n_0}] -add {CLOCKREGION_X0Y5:CLOCKREGION_X0Y5}
#endgroup

# Clock net "net_udp_loop_inst1/u_gmii_to_rgmii/u_rgmii_rx/gmii_rx_clk" driven by instance "net_udp_loop_inst1/u_gmii_to_rgmii/u_rgmii_rx/BUFG_inst" located at site "BUFGCTRL_X0Y2"
#startgroup
create_pblock {CLKAG_net_udp_loop_inst1/u_gmii_to_rgmii/u_rgmii_rx/gmii_rx_clk}
add_cells_to_pblock [get_pblocks  {CLKAG_net_udp_loop_inst1/u_gmii_to_rgmii/u_rgmii_rx/gmii_rx_clk}] [get_cells -filter { PRIMITIVE_GROUP != I/O && IS_PRIMITIVE==1 && PRIMITIVE_LEVEL !=INTERNAL && NAME!=net_txc_OBUF_inst} -of_object [get_pins -filter {DIRECTION==IN} -of_objects [get_nets -hierarchical -filter {PARENT=="net_udp_loop_inst1/u_gmii_to_rgmii/u_rgmii_rx/gmii_rx_clk"}]]]
resize_pblock [get_pblocks {CLKAG_net_udp_loop_inst1/u_gmii_to_rgmii/u_rgmii_rx/gmii_rx_clk}] -add {CLOCKREGION_X0Y2:CLOCKREGION_X0Y2 CLOCKREGION_X0Y3:CLOCKREGION_X0Y3 CLOCKREGION_X0Y4:CLOCKREGION_X0Y4 CLOCKREGION_X1Y2:CLOCKREGION_X1Y2 CLOCKREGION_X1Y3:CLOCKREGION_X1Y3 CLOCKREGION_X1Y4:CLOCKREGION_X1Y4 CLOCKREGION_X1Y5:CLOCKREGION_X1Y5}
#endgroup

# Clock net "net_udp_loop_inst1/inst_RTL8211_Config_IP_0/dri_clk" driven by instance "net_udp_loop_inst1/inst_RTL8211_Config_IP_0/eth_mdc_reg_i_2" located at site "BUFGCTRL_X0Y6"
#startgroup
create_pblock {CLKAG_net_udp_loop_inst1/inst_RTL8211_Config_IP_0/dri_clk}
add_cells_to_pblock [get_pblocks  {CLKAG_net_udp_loop_inst1/inst_RTL8211_Config_IP_0/dri_clk}] [get_cells -filter { PRIMITIVE_GROUP != I/O && IS_PRIMITIVE==1 && PRIMITIVE_LEVEL !=INTERNAL } -of_object [get_pins -filter {DIRECTION==IN} -of_objects [get_nets -hierarchical -filter {PARENT=="net_udp_loop_inst1/inst_RTL8211_Config_IP_0/dri_clk"}]]]
resize_pblock [get_pblocks {CLKAG_net_udp_loop_inst1/inst_RTL8211_Config_IP_0/dri_clk}] -add {CLOCKREGION_X0Y3:CLOCKREGION_X0Y3 CLOCKREGION_X0Y4:CLOCKREGION_X0Y4}
#endgroup

# Clock net "net_rxc_IBUF_BUFG" driven by instance "net_rxc_IBUF_BUFG_inst" located at site "BUFGCTRL_X0Y5"
#startgroup
create_pblock {CLKAG_net_rxc_IBUF_BUFG}
add_cells_to_pblock [get_pblocks  {CLKAG_net_rxc_IBUF_BUFG}] [get_cells -filter { PRIMITIVE_GROUP != I/O && IS_PRIMITIVE==1 && PRIMITIVE_LEVEL !=INTERNAL } -of_object [get_pins -filter {DIRECTION==IN} -of_objects [get_nets -hierarchical -filter {PARENT=="net_rxc_IBUF_BUFG"}]]]
resize_pblock [get_pblocks {CLKAG_net_rxc_IBUF_BUFG}] -add {CLOCKREGION_X1Y4:CLOCKREGION_X1Y4 CLOCKREGION_X1Y5:CLOCKREGION_X1Y5}
#endgroup
